Arguments: 
  C:\Program Files\nodejs\node.exe C:\Users\kondr\AppData\Roaming\npm\node_modules\yarn\bin\yarn.js add next-seo

PATH: 
  C:\Windows\system32;C:\Windows;C:\Windows\System32\Wbem;C:\Windows\System32\WindowsPowerShell\v1.0\;C:\Windows\System32\OpenSSH\;C:\Program Files\NVIDIA Corporation\NVIDIA NvDLISR;C:\Program Files (x86)\NVIDIA Corporation\PhysX\Common;C:\Program Files\nodejs\;C:\Program Files\Git\cmd;C:\ProgramData\chocolatey\bin;C:\Users\kondr\AppData\Local\Android\Sdk\platform-tools;C:\Program Files\OpenJDK\openjdk-11.0.15_10\bin;C:\Program Files\Microsoft SQL Server\150\Tools\Binn\;C:\Program Files\Microsoft SQL Server\Client SDK\ODBC\170\Tools\Binn\;C:\Program Files\dotnet\;%SystemRoot%\system32;%SystemRoot%;%SystemRoot%\System32\Wbem;%SYSTEMROOT%\System32\WindowsPowerShell\v1.0\;%SYSTEMROOT%\System32\OpenSSH\;C:\Users\kondr\AppData\Local\Microsoft\WindowsApps;C:\Users\kondr\AppData\Roaming\npm;C:\Users\kondr\AppData\Local\GitHubDesktop\bin;C:\Users\kondr\.dotnet\tools;C:\Users\kondr\AppData\Local\Programs\Microsoft VS Code\bin;C:\MinGW\bin;C:\Users\kondr\AppData\Local\JetBrains\Toolbox\scripts;C:\Flutter\bin;;C:\Assistants-Center\ACS\node_modules\.bin

Yarn version: 
  1.22.18

Node version: 
  16.15.1

Platform: 
  win32 x64

Trace: 
  Error: EPERM: operation not permitted, unlink 'C:\Assistants-Center\ACS\node_modules\@next\swc-win32-x64-msvc\next-swc.win32-x64-msvc.node'

npm manifest: 
  {
    "name": "acs",
    "version": "1.0.0",
    "description": "",
    "main": "index.js",
    "scripts": {
      "test": "echo \"Error: no test specified\" && exit 1"
    },
    "keywords": [],
    "author": "",
    "license": "ISC",
    "dependencies": {
      "dotenv": "^16.0.1",
      "express": "^4.18.1",
      "@mdi/font": "^3.6.95",
      "ace-builds": "^1.2.9",
      "axios": "^0.27.2",
      "bootstrap": "^5.1.3",
      "bootstrap-datepicker": "^1.9.0",
      "bootstrap-maxlength": "1.6.0",
      "bunnycdnjs": "^1.0.6",
      "c3": "^0.7.1",
      "chart.js": "^2.8.0",
      "clipboard": "^2.0.4",
      "codemirror": "^5.47.0",
      "colcade": "^0.2.0",
      "connect-mongo": "^4.6.0",
      "crypto-js": "^4.1.1",
      "d3": "^5.9.2",
      "date-fns": "^2.28.0",
      "discord-oauth2": "^2.10.0",
      "dropify": "0.2.2",
      "dropzone": "^5.5.1",
      "express-fileupload": "^1.4.0",
      "express-session": "^1.17.3",
      "flag-icon-css": "^3.3.0",
      "font-awesome": "4.7.0",
      "gulp-sourcemaps": "^2.6.3",
      "inputmask": "^4.0.8",
      "ion-rangeslider": "^2.3.0",
      "jquery": "^3.4.1",
      "jquery-asColorPicker": "0.4.4",
      "jquery-bar-rating": "1.2.2",
      "jquery-contextmenu": "^2.8.0",
      "jquery-file-upload": "^4.0.11",
      "jquery-mapael": "^2.2.0",
      "jquery-sparkline": "2.4.0",
      "jquery-steps": "1.1.0",
      "jquery-tags-input": "1.3.5",
      "jquery-toast-plugin": "^1.3.2",
      "jquery-validation": "^1.19.1",
      "jquery.avgrund": "1.3.3",
      "jquery.repeater": "1.2.1",
      "jsgrid": "1.5.3",
      "justgage": "1.2.2",
      "jvectormap": "2.0.4",
      "lightgallery": "^1.6.12",
      "merge-stream": "^2.0.0",
      "moment": "^2.24.0",
      "mongoose": "^6.4.0",
      "mongoose-unique-validator": "^3.1.0",
      "morris.js": "0.5.0",
      "next": "^12.1.6",
      "next-seo": "^5.4.0",
      "nouislider": "^13.1.5",
      "owl-carousel-2": "0.0.3",
      "perfect-scrollbar": "^1.4.0",
      "popper.js": "^1.15.0",
      "progressbar.js": "1.0.1",
      "puse-icons-feather": "^1.1.0",
      "pwstabs": "1.4.0",
      "quill": "^1.3.6",
      "raphael": "^2.2.8",
      "react": "^18.2.0",
      "react-dom": "^18.2.0",
      "react-loader-spinner": "^5.1.5",
      "react-svg-worldmap": "2.0.0-alpha.0",
      "rickshaw": "^1.6.6",
      "select2": "^4.0.7",
      "select2-bootstrap-theme": "0.1.0-beta.10",
      "simple-line-icons": "2.4.1",
      "simplemde": "1.11.2",
      "stripe": "^9.9.0",
      "summernote": "^0.8.12",
      "sweetalert": "^2.1.2",
      "tempusdominus-bootstrap-4": "^5.1.2",
      "ti-icons": "^0.1.2",
      "tinymce": "^5.0.8",
      "twbs-pagination": "1.4.1",
      "twitter-api-v2": "^1.12.2",
      "typeahead.js": "^0.11.1",
      "typicons.font": "^2.0.9",
      "uuid": "^8.3.2",
      "vhost": "^3.0.2",
      "webpack": "^5.73.0",
      "x-editable": "^1.5.1"
    }
  }

yarn manifest: 
  No manifest

Lockfile: 
  No lockfile
